<?xml version="1.0" encoding="UTF-8"?>
<!-- Generated by org.testng.reporters.JUnitReportReporter -->
<testsuite hostname="DESKTOP-7LGPRPJ" failures="0" tests="1" name="appium2.appiumTesting" time="28.781" errors="0" timestamp="2024-02-10T20:55:19 EET" skipped="0">
  <testcase classname="appium2.appiumTesting" name="myFirstTest" time="28.781"/>
  <system-out/>
</testsuite> <!-- appium2.appiumTesting -->
