<?xml version="1.0" encoding="UTF-8"?>
<!-- Generated by org.testng.reporters.JUnitReportReporter -->
<testsuite hostname="DESKTOP-7LGPRPJ" failures="0" tests="1" name="appium2.appiumTesting" time="19.363" errors="0" timestamp="2024-02-12T20:48:58 EET" skipped="0">
  <testcase classname="appium2.appiumTesting" name="addNumbers" time="19.363"/>
  <system-out/>
</testsuite> <!-- appium2.appiumTesting -->
