<?xml version="1.0" encoding="UTF-8"?>
<!-- Generated by org.testng.reporters.JUnitReportReporter -->
<testsuite hostname="DESKTOP-7LGPRPJ" failures="0" tests="1" name="appium2.appiumTesting" time="9.214" errors="0" timestamp="2024-02-12T21:15:59 EET" skipped="0">
  <testcase classname="appium2.appiumTesting" name="addNumbers" time="9.214"/>
  <system-out/>
</testsuite> <!-- appium2.appiumTesting -->
